[debug] [2018-02-25T07:46:34.583Z] ----------------------------------------------------------------------
[debug] [2018-02-25T07:46:34.587Z] Command:       C:\Program Files\nodejs\node.exe C:\Users\Inderdeep Singh Bajw\AppData\Roaming\npm\node_modules\firebase-tools\bin\firebase serve
[debug] [2018-02-25T07:46:34.589Z] CLI Version:   3.17.4
[debug] [2018-02-25T07:46:34.589Z] Platform:      win32
[debug] [2018-02-25T07:46:34.589Z] Node Version:  v8.9.1
[debug] [2018-02-25T07:46:34.590Z] Time:          Sun Feb 25 2018 02:46:34 GMT-0500 (Eastern Standard Time)
[debug] [2018-02-25T07:46:34.590Z] ----------------------------------------------------------------------
[debug] 
[debug] [2018-02-25T07:46:34.617Z] > command requires scopes: ["email","openid","https://www.googleapis.com/auth/cloudplatformprojects.readonly","https://www.googleapis.com/auth/firebase","https://www.googleapis.com/auth/cloud-platform"]
[debug] [2018-02-25T07:46:34.621Z] > authorizing via signed-in user
[debug] [2018-02-25T07:46:34.626Z] >>> HTTP REQUEST GET https://admin.firebase.com/v1/projects/armsync  
  
 Sun Feb 25 2018 02:46:34 GMT-0500 (Eastern Standard Time)
[debug] [2018-02-25T07:46:35.127Z] <<< HTTP RESPONSE 200
[debug] [2018-02-25T07:46:35.128Z] >>> HTTP REQUEST GET https://admin.firebase.com/v1/database/armsync/tokens  
  
 Sun Feb 25 2018 02:46:35 GMT-0500 (Eastern Standard Time)
[debug] [2018-02-25T07:46:35.526Z] <<< HTTP RESPONSE 200
[info] 
[info] === Serving from 'D:\Projects\HackTheValley\Database'...
[info] 
[debug] [2018-02-25T07:46:35.531Z] >>> HTTP REQUEST GET https://cloudresourcemanager.googleapis.com/v1/projects/armsync  
  
 Sun Feb 25 2018 02:46:35 GMT-0500 (Eastern Standard Time)
[debug] [2018-02-25T07:46:36.141Z] <<< HTTP RESPONSE 200
[debug] [2018-02-25T07:46:36.143Z] >>> HTTP REQUEST GET https://mobilesdk-pa.googleapis.com/v1/projects/334031887550/clients/_:getWebAppConfig  
  
 Sun Feb 25 2018 02:46:36 GMT-0500 (Eastern Standard Time)
[debug] [2018-02-25T07:46:36.434Z] <<< HTTP RESPONSE 200
[info] i  hosting: Serving hosting files from: public
[info] +  hosting: Local server: http://localhost:5000

